2012-10-20 16:50:33 [INFO] Starting minecraft server version 1.3.2
2012-10-20 16:50:33 [WARNING] To start the server with more ram, launch it as "java -Xmx1024M -Xms1024M -jar minecraft_server.jar"
2012-10-20 16:50:33 [INFO] Loading properties
2012-10-20 16:50:33 [WARNING] server.properties does not exist
2012-10-20 16:50:33 [INFO] Generating new properties file
2012-10-20 16:50:34 [INFO] Default game type: SURVIVAL
2012-10-20 16:50:34 [INFO] Generating keypair
2012-10-20 16:50:35 [INFO] Starting Minecraft server on *:25565
2012-10-20 16:50:37 [INFO] This server is running CraftBukkit version git-Bukkit-1.3.2-R1.0-b2377jnks (MC: 1.3.2) (Implementing API version 1.3.2-R1.0)
2012-10-20 16:50:38 [WARNING] Failed to load operators list: java.io.FileNotFoundException: ./ops.txt (No such file or directory)
2012-10-20 16:50:38 [WARNING] Failed to load white-list: java.io.FileNotFoundException: ./white-list.txt (No such file or directory)
2012-10-20 16:50:39 [INFO] Preparing level "world"
2012-10-20 16:50:40 [WARNING] ----- Bukkit Auto Updater -----
2012-10-20 16:50:40 [WARNING] Your version of CraftBukkit is out of date. Version 1.3.2-R2.0 (build #2396) was released on Wed Oct 17 11:36:23 EDT 2012.
2012-10-20 16:50:40 [WARNING] Details: /downloads/craftbukkit/view/01460_1.3.2-R2.0/
2012-10-20 16:50:40 [WARNING] Download: /downloads/craftbukkit/get/01460_1.3.2-R2.0/craftbukkit.jar
2012-10-20 16:50:40 [WARNING] ----- ------------------- -----
2012-10-20 16:50:42 [INFO] Preparing start region for level 0 (Seed: -6985892928438198422)
2012-10-20 16:50:43 [INFO] Preparing spawn area: 0%
2012-10-20 16:50:44 [INFO] Preparing spawn area: 3%
2012-10-20 16:50:45 [INFO] Preparing spawn area: 4%
2012-10-20 16:50:47 [INFO] Preparing spawn area: 8%
2012-10-20 16:50:48 [INFO] Preparing spawn area: 8%
2012-10-20 16:50:49 [INFO] Preparing spawn area: 12%
2012-10-20 16:50:50 [INFO] Preparing spawn area: 12%
2012-10-20 16:50:51 [INFO] Preparing spawn area: 16%
2012-10-20 16:50:51 [INFO] Stopping server
2012-10-20 16:50:51 [INFO] Saving players
2012-10-20 16:50:51 [INFO] Saving worlds
2012-10-20 16:50:51 [INFO] Saving chunks for level 'world'/Overworld
2012-10-20 16:50:51 [WARNING] DSCT: Socket closed
2012-10-20 16:50:51 [INFO] Closing listening thread
